
Running 144 tests using 1 worker

Test user auth saved: marcusbahadur1@gmail.com
  ✓    1 [modules-setup] › tests/modules/modules-auth.setup.ts:23:6 › login as test tenant (2.3s)
Super admin auth saved: marcus@aiworkerz.com
  ✓    2 [modules-setup] › tests/modules/modules-auth.setup.ts:42:6 › login as super admin (1.3s)
  ✓    3 [modules] › tests/modules/01-auth-onboarding.spec.ts:18:5 › A01 — Sign up new account (4.7s)
  ✓    4 [modules] › tests/modules/01-auth-onboarding.spec.ts:72:5 › A02 — Subscribe page — plan cards render (1.1s)
  ✓    5 [modules] › tests/modules/01-auth-onboarding.spec.ts:89:5 › A03 — Quick Start wizard renders (2.9s)
  ✓    6 [modules] › tests/modules/01-auth-onboarding.spec.ts:107:5 › A04 — Login with valid credentials → dashboard (1.4s)
  ✓    7 [modules] › tests/modules/01-auth-onboarding.spec.ts:118:5 › A05 — Login wrong password → error banner (1.5s)
  ✓    8 [modules] › tests/modules/01-auth-onboarding.spec.ts:131:5 › A06 — Login non-existent email → error banner (1.1s)
  ✓    9 [modules] › tests/modules/01-auth-onboarding.spec.ts:143:5 › A07 — Logout clears session (2.1s)
  ✓   10 [modules] › tests/modules/01-auth-onboarding.spec.ts:177:5 › A08 — Forgot password sends email (3.8s)
  ✓   11 [modules] › tests/modules/01-auth-onboarding.spec.ts:195:7 › Password reset flows (fresh context) › A09 — Reset password invalid token → error state (846ms)
  ✓   12 [modules] › tests/modules/01-auth-onboarding.spec.ts:210:7 › Password reset flows (fresh context) › A10 — Reset password valid token → set new password → login (3.1s)
  ✘   13 [modules] › tests/modules/02-billing-plans.spec.ts:15:5 › B01 — Billing page loads — plan name, price, credits display (11.0s)
  ✘   14 [modules] › tests/modules/02-billing-plans.spec.ts:15:5 › B01 — Billing page loads — plan name, price, credits display (retry #1) (11.1s)
  ✘   15 [modules] › tests/modules/02-billing-plans.spec.ts:30:5 › B02 — Plan comparison table — 4 plans, current plan highlighted (22.6s)
  ✘   16 [modules] › tests/modules/02-billing-plans.spec.ts:30:5 › B02 — Plan comparison table — 4 plans, current plan highlighted (retry #1) (22.7s)
  ✘   17 [modules] › tests/modules/02-billing-plans.spec.ts:45:5 › B03 — Credits display — count and progress bar visible (17.5s)
  ✘   18 [modules] › tests/modules/02-billing-plans.spec.ts:45:5 › B03 — Credits display — count and progress bar visible (retry #1) (17.5s)
  -   19 [modules] › tests/modules/02-billing-plans.spec.ts:65:5 › B04 — Trial countdown banner (ENV_SKIP — not on trial plan)
  -   20 [modules] › tests/modules/02-billing-plans.spec.ts:70:5 › B05 — Trial expired banner (ENV_SKIP — not on trial_expired plan)
  ✘   21 [modules] › tests/modules/02-billing-plans.spec.ts:75:5 › B06 — Manage Billing button → portal redirect or error (12.2s)
  ✘   22 [modules] › tests/modules/02-billing-plans.spec.ts:75:5 › B06 — Manage Billing button → portal redirect or error (retry #1) (12.4s)
  ✘   23 [modules] › tests/modules/02-billing-plans.spec.ts:108:5 › B07 — Promo code valid in Stripe checkout (23.2s)
  ✘   24 [modules] › tests/modules/02-billing-plans.spec.ts:108:5 › B07 — Promo code valid in Stripe checkout (retry #1) (23.2s)
  ✘   25 [modules] › tests/modules/02-billing-plans.spec.ts:183:5 › B08 — Promo code invalid → Stripe shows error (21.9s)
  ✘   26 [modules] › tests/modules/02-billing-plans.spec.ts:183:5 › B08 — Promo code invalid → Stripe shows error (retry #1) (22.0s)
  ✘   27 [modules] › tests/modules/02-billing-plans.spec.ts:216:5 › B09 — Renewal date section visible (12.6s)
  ✘   28 [modules] › tests/modules/02-billing-plans.spec.ts:216:5 › B09 — Renewal date section visible (retry #1) (12.3s)
  ✘   29 [modules] › tests/modules/02-billing-plans.spec.ts:227:5 › B10 — Billing CTA button visible for current plan (12.3s)
  ✘   30 [modules] › tests/modules/02-billing-plans.spec.ts:227:5 › B10 — Billing CTA button visible for current plan (retry #1) (12.4s)
  ✘   31 [modules] › tests/modules/03-settings-configuration.spec.ts:23:5 › S01 — Settings page loads — 9 nav items, General default (12.3s)
  ✘   32 [modules] › tests/modules/03-settings-configuration.spec.ts:23:5 › S01 — Settings page loads — 9 nav items, General default (retry #1) (12.3s)
  ✘   33 [modules] › tests/modules/03-settings-configuration.spec.ts:41:5 › S02 — General — update firm name, save, verify persisted (12.4s)
  ✘   34 [modules] › tests/modules/03-settings-configuration.spec.ts:41:5 › S02 — General — update firm name, save, verify persisted (retry #1) (12.4s)
  ✘   35 [modules] › tests/modules/03-settings-configuration.spec.ts:79:5 › S03 — API Keys — 5 rows visible with Edit buttons (2.1m)
